<?xml version="1.0" encoding="UTF-8"?>
<!-- Generated by org.testng.reporters.JUnitReportReporter -->
<testsuite hostname="DESKTOP-TM8ETJH" failures="0" tests="1" name="testscripts.ManageContactTest" time="12.235" errors="0" timestamp="2025-02-18T10:37:48 IST" skipped="0">
  <testcase classname="testscripts.ManageContactTest" name="verifyIfAdminCanUpdateContactDetails" time="12.235"/>
</testsuite> <!-- testscripts.ManageContactTest -->
