<?xml version="1.0" encoding="UTF-8"?>
<!-- Generated by org.testng.reporters.JUnitReportReporter -->
<testsuite hostname="DESKTOP-TM8ETJH" failures="0" tests="1" name="testscripts.SubCategoryTest" time="32.585" errors="0" timestamp="2025-02-18T14:48:03 IST" skipped="0">
  <testcase classname="testscripts.SubCategoryTest" name="checkIfAdminCanEditAnExisingSubCategorySucessfully" time="32.585"/>
</testsuite> <!-- testscripts.SubCategoryTest -->
