<?xml version="1.0" encoding="UTF-8"?>
<!-- Generated by org.testng.reporters.JUnitReportReporter -->
<testsuite hostname="DESKTOP-TM8ETJH" failures="0" tests="1" name="testscripts.CategoryTest" time="31.940" errors="0" timestamp="2025-02-18T10:19:47 IST" skipped="0">
  <testcase classname="testscripts.CategoryTest" name="verifyWhetherAdminUserCanEditDatasOfAnExistingCategory" time="31.940"/>
</testsuite> <!-- testscripts.CategoryTest -->
