<?xml version="1.0" encoding="UTF-8"?>
<!-- Generated by org.testng.reporters.JUnitReportReporter -->
<testsuite hostname="DESKTOP-TM8ETJH" failures="0" tests="1" name="testscripts.AdminUserTest" time="14.449" errors="0" timestamp="2025-02-18T12:34:38 IST" skipped="0">
  <testcase classname="testscripts.AdminUserTest" name="verifyWhetherAdminCanEditUserData" time="14.449"/>
</testsuite> <!-- testscripts.AdminUserTest -->
