<?xml version="1.0" encoding="UTF-8"?>
<!-- Generated by org.testng.reporters.JUnitReportReporter -->
<testsuite hostname="DESKTOP-TM8ETJH" failures="0" tests="1" name="testscripts.LoginTest" time="40.694" errors="0" timestamp="2025-02-18T14:54:43 IST" skipped="0">
  <testcase classname="testscripts.LoginTest" name="verifyUserWithValidCredentials" time="40.694"/>
</testsuite> <!-- testscripts.LoginTest -->
