<?xml version="1.0" encoding="UTF-8"?>
<!-- Generated by org.testng.reporters.JUnitReportReporter -->
<testsuite hostname="DESKTOP-TM8ETJH" failures="0" tests="1" name="testscripts.ManageProductTest" time="33.673" errors="0" timestamp="2025-02-18T15:00:19 IST" skipped="0">
  <testcase classname="testscripts.ManageProductTest" name="checkWhetherAdminCanManageExistingProductsStatus" time="33.673"/>
</testsuite> <!-- testscripts.ManageProductTest -->
