<?xml version="1.0" encoding="UTF-8"?>
<!-- Generated by org.testng.reporters.JUnitReportReporter -->
<testsuite hostname="DESKTOP-TM8ETJH" failures="0" tests="1" name="testscripts.SubCategoryTest" time="13.778" errors="0" timestamp="2025-02-19T22:57:52 IST" skipped="0">
  <testcase classname="testscripts.SubCategoryTest" name="checkIfAdminCanEditAnExisingSubCategorySucessfully" time="13.778"/>
</testsuite> <!-- testscripts.SubCategoryTest -->
