<?xml version="1.0" encoding="UTF-8"?>
<!-- Generated by org.testng.reporters.JUnitReportReporter -->
<testsuite hostname="DESKTOP-TM8ETJH" failures="0" tests="1" name="testscripts.CategoryTest" time="15.907" errors="0" timestamp="2025-02-19T22:55:14 IST" skipped="0">
  <testcase classname="testscripts.CategoryTest" name="verifyIfAdminUserCanAddANewCategoryWithValidDetails" time="15.907"/>
</testsuite> <!-- testscripts.CategoryTest -->
