<?xml version="1.0" encoding="UTF-8"?>
<!-- Generated by org.testng.reporters.JUnitReportReporter -->
<testsuite hostname="DESKTOP-TM8ETJH" failures="0" tests="1" name="testscripts.ManageNewsTest" time="21.604" errors="0" timestamp="2025-02-19T15:12:40 IST" skipped="0">
  <testcase classname="testscripts.ManageNewsTest" name="checkIfAdminCanEditOnTheNewsPublished" time="21.604"/>
</testsuite> <!-- testscripts.ManageNewsTest -->
