<?xml version="1.0" encoding="UTF-8"?>
<!-- Generated by org.testng.reporters.JUnitReportReporter -->
<testsuite hostname="DESKTOP-TM8ETJH" failures="0" tests="1" name="testscripts.ManageProductTest" time="18.066" errors="0" timestamp="2025-02-19T16:16:05 IST" skipped="0">
  <testcase classname="testscripts.ManageProductTest" name="checkWhetherAdminCanManageExistingProductsStatus" time="18.066"/>
</testsuite> <!-- testscripts.ManageProductTest -->
