<?xml version="1.0" encoding="UTF-8"?>
<!-- Generated by org.testng.reporters.JUnitReportReporter -->
<testsuite hostname="DESKTOP-TM8ETJH" failures="0" tests="1" name="TestNG.Paramterization" time="0.037" errors="0" timestamp="2025-01-30T14:42:34 IST" skipped="0">
  <testcase classname="TestNG.Paramterization" name="parametertest" time="0.037"/>
</testsuite> <!-- TestNG.Paramterization -->
