<?xml version="1.0" encoding="UTF-8"?>
<!-- Generated by org.testng.reporters.JUnitReportReporter -->
<testsuite hostname="DESKTOP-TM8ETJH" failures="0" tests="2" name="TestNG.BeforeAfterMethod" time="0.062" errors="0" timestamp="2025-01-29T14:50:17 IST" skipped="0">
  <testcase classname="TestNG.BeforeAfterMethod" name="testcase2" time="0.033"/>
  <testcase classname="TestNG.BeforeAfterMethod" name="testcase1" time="0.029"/>
</testsuite> <!-- TestNG.BeforeAfterMethod -->
