<?xml version="1.0" encoding="UTF-8"?>
<!-- Generated by org.testng.reporters.JUnitReportReporter -->
<testsuite hostname="DESKTOP-TM8ETJH" failures="0" tests="3" name="TestNG.BasicAnnotation" time="0.104" errors="0" timestamp="2025-01-29T14:50:17 IST" skipped="0">
  <testcase classname="TestNG.BasicAnnotation" name="testcase01" time="0.073"/>
  <testcase classname="TestNG.BasicAnnotation" name="testcase02" time="0.020"/>
  <testcase classname="TestNG.BasicAnnotation" name="testcase03" time="0.011"/>
</testsuite> <!-- TestNG.BasicAnnotation -->
