<?xml version="1.0" encoding="UTF-8"?>
<!-- Generated by org.testng.reporters.JUnitReportReporter -->
<testsuite hostname="DESKTOP-TM8ETJH" failures="0" tests="4" name="TestNG.DataProviderTest" time="0.140" errors="0" timestamp="2025-01-29T15:07:04 IST" skipped="0">
  <testcase classname="TestNG.DataProviderTest" name="testcase1" time="0.087"/>
  <testcase classname="TestNG.DataProviderTest" name="testcase1" time="0.029"/>
  <testcase classname="TestNG.DataProviderTest" name="testcase1" time="0.006"/>
  <testcase classname="TestNG.DataProviderTest" name="testcase1" time="0.018"/>
</testsuite> <!-- TestNG.DataProviderTest -->
