<?xml version="1.0" encoding="UTF-8"?>
<!-- Generated by org.testng.reporters.JUnitReportReporter -->
<testsuite hostname="DESKTOP-TM8ETJH" failures="0" tests="1" name="TestNG.DataProviderDemo" time="0.045" errors="0" timestamp="2025-01-30T14:23:22 IST" skipped="0">
  <testcase classname="TestNG.DataProviderDemo" name="testcase55" time="0.045"/>
</testsuite> <!-- TestNG.DataProviderDemo -->
