<?xml version="1.0" encoding="UTF-8"?>
<!-- Generated by org.testng.reporters.JUnitReportReporter -->
<testsuite hostname="DESKTOP-TM8ETJH" failures="0" tests="6" name="TestNG.BasicTestCase" time="0.042" errors="0" timestamp="2025-02-01T14:16:06 IST" skipped="1">
  <testcase classname="TestNG.BasicTestCase" name="testcase7" time="0.021"/>
  <testcase classname="TestNG.BasicTestCase" name="testcase81" time="0.004"/>
  <testcase classname="TestNG.BasicTestCase" name="testcase6" time="0.008"/>
  <testcase classname="TestNG.BasicTestCase" name="testcase5" time="0.004"/>
  <testcase classname="TestNG.BasicTestCase" name="testcase3" time="0.005"/>
  <testcase classname="TestNG.BasicTestCase" name="testcase2">
    <skipped/>
  </testcase> <!-- testcase2 -->
</testsuite> <!-- TestNG.BasicTestCase -->
