<?xml version="1.0" encoding="UTF-8"?>
<!-- Generated by org.testng.reporters.JUnitReportReporter -->
<testsuite hostname="DESKTOP-TM8ETJH" failures="0" tests="1" name="testscript.LoginTest" time="20.750" errors="0" timestamp="2025-05-26T16:48:59 IST" skipped="0">
  <testcase classname="testscript.LoginTest" name="verifyUserLoginWithValidCredentials" time="20.750"/>
</testsuite> <!-- testscript.LoginTest -->
