<?xml version="1.0" encoding="UTF-8"?>
<!-- Generated by org.testng.reporters.JUnitReportReporter -->
<testsuite hostname="DESKTOP-TM8ETJH" failures="0" tests="1" name="testscript.LoginTest" time="54.568" errors="0" timestamp="2025-02-10T12:21:36 IST" skipped="0">
  <testcase classname="testscript.LoginTest" name="verifyUserLoginWithValidCredentials" time="54.568"/>
</testsuite> <!-- testscript.LoginTest -->
